Determining if the pthread_create exist failed with the following output:
Change Dir: /home/derektan/Desktop/robotics_software_engineer_udacity/projects/rtab_map_slam_project/catkin_ws/build/CMakeFiles/CMakeTmp

Run Build Command:"/usr/bin/make" "cmTC_6aa8a/fast"
/usr/bin/make -f CMakeFiles/cmTC_6aa8a.dir/build.make CMakeFiles/cmTC_6aa8a.dir/build
make[1]: Entering directory '/home/derektan/Desktop/robotics_software_engineer_udacity/projects/rtab_map_slam_project/catkin_ws/build/CMakeFiles/CMakeTmp'
Building C object CMakeFiles/cmTC_6aa8a.dir/CheckSymbolExists.c.o
/usr/bin/cc    -o CMakeFiles/cmTC_6aa8a.dir/CheckSymbolExists.c.o   -c /home/derektan/Desktop/robotics_software_engineer_udacity/projects/rtab_map_slam_project/catkin_ws/build/CMakeFiles/CMakeTmp/CheckSymbolExists.c
Linking C executable cmTC_6aa8a
/usr/bin/cmake -E cmake_link_script CMakeFiles/cmTC_6aa8a.dir/link.txt --verbose=1
/usr/bin/cc      -rdynamic CMakeFiles/cmTC_6aa8a.dir/CheckSymbolExists.c.o  -o cmTC_6aa8a 
CMakeFiles/cmTC_6aa8a.dir/CheckSymbolExists.c.o: In function `main':
CheckSymbolExists.c:(.text+0x1b): undefined reference to `pthread_create'
collect2: error: ld returned 1 exit status
CMakeFiles/cmTC_6aa8a.dir/build.make:97: recipe for target 'cmTC_6aa8a' failed
make[1]: *** [cmTC_6aa8a] Error 1
make[1]: Leaving directory '/home/derektan/Desktop/robotics_software_engineer_udacity/projects/rtab_map_slam_project/catkin_ws/build/CMakeFiles/CMakeTmp'
Makefile:126: recipe for target 'cmTC_6aa8a/fast' failed
make: *** [cmTC_6aa8a/fast] Error 2

File /home/derektan/Desktop/robotics_software_engineer_udacity/projects/rtab_map_slam_project/catkin_ws/build/CMakeFiles/CMakeTmp/CheckSymbolExists.c:
/* */
#include <pthread.h>

int main(int argc, char** argv)
{
  (void)argv;
#ifndef pthread_create
  return ((int*)(&pthread_create))[argc];
#else
  (void)argc;
  return 0;
#endif
}

Determining if the function pthread_create exists in the pthreads failed with the following output:
Change Dir: /home/derektan/Desktop/robotics_software_engineer_udacity/projects/rtab_map_slam_project/catkin_ws/build/CMakeFiles/CMakeTmp

Run Build Command:"/usr/bin/make" "cmTC_ccfe4/fast"
/usr/bin/make -f CMakeFiles/cmTC_ccfe4.dir/build.make CMakeFiles/cmTC_ccfe4.dir/build
make[1]: Entering directory '/home/derektan/Desktop/robotics_software_engineer_udacity/projects/rtab_map_slam_project/catkin_ws/build/CMakeFiles/CMakeTmp'
Building C object CMakeFiles/cmTC_ccfe4.dir/CheckFunctionExists.c.o
/usr/bin/cc   -DCHECK_FUNCTION_EXISTS=pthread_create   -o CMakeFiles/cmTC_ccfe4.dir/CheckFunctionExists.c.o   -c /usr/share/cmake-3.10/Modules/CheckFunctionExists.c
Linking C executable cmTC_ccfe4
/usr/bin/cmake -E cmake_link_script CMakeFiles/cmTC_ccfe4.dir/link.txt --verbose=1
/usr/bin/cc  -DCHECK_FUNCTION_EXISTS=pthread_create    -rdynamic CMakeFiles/cmTC_ccfe4.dir/CheckFunctionExists.c.o  -o cmTC_ccfe4 -lpthreads 
/usr/bin/ld: cannot find -lpthreads
collect2: error: ld returned 1 exit status
CMakeFiles/cmTC_ccfe4.dir/build.make:97: recipe for target 'cmTC_ccfe4' failed
make[1]: *** [cmTC_ccfe4] Error 1
make[1]: Leaving directory '/home/derektan/Desktop/robotics_software_engineer_udacity/projects/rtab_map_slam_project/catkin_ws/build/CMakeFiles/CMakeTmp'
Makefile:126: recipe for target 'cmTC_ccfe4/fast' failed
make: *** [cmTC_ccfe4/fast] Error 2


