Determining if the pthread_create exist failed with the following output:
Change Dir: /home/derektan/Desktop/robotics_software_engineer_udacity/projects/rtab_map_slam_project/catkin_ws/build/CMakeFiles/CMakeTmp

Run Build Command:"/usr/bin/make" "cmTC_3c975/fast"
/usr/bin/make -f CMakeFiles/cmTC_3c975.dir/build.make CMakeFiles/cmTC_3c975.dir/build
make[1]: Entering directory '/home/derektan/Desktop/robotics_software_engineer_udacity/projects/rtab_map_slam_project/catkin_ws/build/CMakeFiles/CMakeTmp'
Building C object CMakeFiles/cmTC_3c975.dir/CheckSymbolExists.c.o
/usr/bin/cc    -o CMakeFiles/cmTC_3c975.dir/CheckSymbolExists.c.o   -c /home/derektan/Desktop/robotics_software_engineer_udacity/projects/rtab_map_slam_project/catkin_ws/build/CMakeFiles/CMakeTmp/CheckSymbolExists.c
Linking C executable cmTC_3c975
/usr/bin/cmake -E cmake_link_script CMakeFiles/cmTC_3c975.dir/link.txt --verbose=1
/usr/bin/cc      -rdynamic CMakeFiles/cmTC_3c975.dir/CheckSymbolExists.c.o  -o cmTC_3c975 
CMakeFiles/cmTC_3c975.dir/CheckSymbolExists.c.o: In function `main':
CheckSymbolExists.c:(.text+0x1b): undefined reference to `pthread_create'
collect2: error: ld returned 1 exit status
CMakeFiles/cmTC_3c975.dir/build.make:97: recipe for target 'cmTC_3c975' failed
make[1]: *** [cmTC_3c975] Error 1
make[1]: Leaving directory '/home/derektan/Desktop/robotics_software_engineer_udacity/projects/rtab_map_slam_project/catkin_ws/build/CMakeFiles/CMakeTmp'
Makefile:126: recipe for target 'cmTC_3c975/fast' failed
make: *** [cmTC_3c975/fast] Error 2

File /home/derektan/Desktop/robotics_software_engineer_udacity/projects/rtab_map_slam_project/catkin_ws/build/CMakeFiles/CMakeTmp/CheckSymbolExists.c:
/* */
#include <pthread.h>

int main(int argc, char** argv)
{
  (void)argv;
#ifndef pthread_create
  return ((int*)(&pthread_create))[argc];
#else
  (void)argc;
  return 0;
#endif
}

Determining if the function pthread_create exists in the pthreads failed with the following output:
Change Dir: /home/derektan/Desktop/robotics_software_engineer_udacity/projects/rtab_map_slam_project/catkin_ws/build/CMakeFiles/CMakeTmp

Run Build Command:"/usr/bin/make" "cmTC_0569f/fast"
/usr/bin/make -f CMakeFiles/cmTC_0569f.dir/build.make CMakeFiles/cmTC_0569f.dir/build
make[1]: Entering directory '/home/derektan/Desktop/robotics_software_engineer_udacity/projects/rtab_map_slam_project/catkin_ws/build/CMakeFiles/CMakeTmp'
Building C object CMakeFiles/cmTC_0569f.dir/CheckFunctionExists.c.o
/usr/bin/cc   -DCHECK_FUNCTION_EXISTS=pthread_create   -o CMakeFiles/cmTC_0569f.dir/CheckFunctionExists.c.o   -c /usr/share/cmake-3.10/Modules/CheckFunctionExists.c
Linking C executable cmTC_0569f
/usr/bin/cmake -E cmake_link_script CMakeFiles/cmTC_0569f.dir/link.txt --verbose=1
/usr/bin/cc  -DCHECK_FUNCTION_EXISTS=pthread_create    -rdynamic CMakeFiles/cmTC_0569f.dir/CheckFunctionExists.c.o  -o cmTC_0569f -lpthreads 
/usr/bin/ld: cannot find -lpthreads
collect2: error: ld returned 1 exit status
CMakeFiles/cmTC_0569f.dir/build.make:97: recipe for target 'cmTC_0569f' failed
make[1]: *** [cmTC_0569f] Error 1
make[1]: Leaving directory '/home/derektan/Desktop/robotics_software_engineer_udacity/projects/rtab_map_slam_project/catkin_ws/build/CMakeFiles/CMakeTmp'
Makefile:126: recipe for target 'cmTC_0569f/fast' failed
make: *** [cmTC_0569f/fast] Error 2


