Determining if the pthread_create exist failed with the following output:
Change Dir: /home/derektan/Desktop/robotics_software_engineer_udacity_projects/projects/home_service_robot_navigation_project/catkin_ws/build/CMakeFiles/CMakeTmp

Run Build Command:"/usr/bin/make" "cmTC_5156e/fast"
/usr/bin/make -f CMakeFiles/cmTC_5156e.dir/build.make CMakeFiles/cmTC_5156e.dir/build
make[1]: Entering directory '/home/derektan/Desktop/robotics_software_engineer_udacity_projects/projects/home_service_robot_navigation_project/catkin_ws/build/CMakeFiles/CMakeTmp'
Building C object CMakeFiles/cmTC_5156e.dir/CheckSymbolExists.c.o
/usr/bin/cc     -o CMakeFiles/cmTC_5156e.dir/CheckSymbolExists.c.o   -c /home/derektan/Desktop/robotics_software_engineer_udacity_projects/projects/home_service_robot_navigation_project/catkin_ws/build/CMakeFiles/CMakeTmp/CheckSymbolExists.c
Linking C executable cmTC_5156e
/usr/bin/cmake -E cmake_link_script CMakeFiles/cmTC_5156e.dir/link.txt --verbose=1
/usr/bin/cc       CMakeFiles/cmTC_5156e.dir/CheckSymbolExists.c.o  -o cmTC_5156e -rdynamic 
CMakeFiles/cmTC_5156e.dir/CheckSymbolExists.c.o: In function `main':
CheckSymbolExists.c:(.text+0x16): undefined reference to `pthread_create'
collect2: error: ld returned 1 exit status
CMakeFiles/cmTC_5156e.dir/build.make:97: recipe for target 'cmTC_5156e' failed
make[1]: *** [cmTC_5156e] Error 1
make[1]: Leaving directory '/home/derektan/Desktop/robotics_software_engineer_udacity_projects/projects/home_service_robot_navigation_project/catkin_ws/build/CMakeFiles/CMakeTmp'
Makefile:126: recipe for target 'cmTC_5156e/fast' failed
make: *** [cmTC_5156e/fast] Error 2

File /home/derektan/Desktop/robotics_software_engineer_udacity_projects/projects/home_service_robot_navigation_project/catkin_ws/build/CMakeFiles/CMakeTmp/CheckSymbolExists.c:
/* */
#include <pthread.h>

int main(int argc, char** argv)
{
  (void)argv;
#ifndef pthread_create
  return ((int*)(&pthread_create))[argc];
#else
  (void)argc;
  return 0;
#endif
}

Determining if the function pthread_create exists in the pthreads failed with the following output:
Change Dir: /home/derektan/Desktop/robotics_software_engineer_udacity_projects/projects/home_service_robot_navigation_project/catkin_ws/build/CMakeFiles/CMakeTmp

Run Build Command:"/usr/bin/make" "cmTC_70a2b/fast"
/usr/bin/make -f CMakeFiles/cmTC_70a2b.dir/build.make CMakeFiles/cmTC_70a2b.dir/build
make[1]: Entering directory '/home/derektan/Desktop/robotics_software_engineer_udacity_projects/projects/home_service_robot_navigation_project/catkin_ws/build/CMakeFiles/CMakeTmp'
Building C object CMakeFiles/cmTC_70a2b.dir/CheckFunctionExists.c.o
/usr/bin/cc    -DCHECK_FUNCTION_EXISTS=pthread_create   -o CMakeFiles/cmTC_70a2b.dir/CheckFunctionExists.c.o   -c /usr/share/cmake-3.5/Modules/CheckFunctionExists.c
Linking C executable cmTC_70a2b
/usr/bin/cmake -E cmake_link_script CMakeFiles/cmTC_70a2b.dir/link.txt --verbose=1
/usr/bin/cc   -DCHECK_FUNCTION_EXISTS=pthread_create    CMakeFiles/cmTC_70a2b.dir/CheckFunctionExists.c.o  -o cmTC_70a2b -rdynamic -lpthreads 
/usr/bin/ld: cannot find -lpthreads
collect2: error: ld returned 1 exit status
CMakeFiles/cmTC_70a2b.dir/build.make:97: recipe for target 'cmTC_70a2b' failed
make[1]: *** [cmTC_70a2b] Error 1
make[1]: Leaving directory '/home/derektan/Desktop/robotics_software_engineer_udacity_projects/projects/home_service_robot_navigation_project/catkin_ws/build/CMakeFiles/CMakeTmp'
Makefile:126: recipe for target 'cmTC_70a2b/fast' failed
make: *** [cmTC_70a2b/fast] Error 2


