Determining if the pthread_create exist failed with the following output:
Change Dir: /home/derektan/Desktop/robotics_software_engineer_udacity_projects/projects/go_chase_it_ros_project/catkin_ws/build/CMakeFiles/CMakeTmp

Run Build Command:"/usr/bin/make" "cmTC_32027/fast"
/usr/bin/make -f CMakeFiles/cmTC_32027.dir/build.make CMakeFiles/cmTC_32027.dir/build
make[1]: Entering directory '/home/derektan/Desktop/robotics_software_engineer_udacity_projects/projects/go_chase_it_ros_project/catkin_ws/build/CMakeFiles/CMakeTmp'
Building C object CMakeFiles/cmTC_32027.dir/CheckSymbolExists.c.o
/usr/bin/cc     -o CMakeFiles/cmTC_32027.dir/CheckSymbolExists.c.o   -c /home/derektan/Desktop/robotics_software_engineer_udacity_projects/projects/go_chase_it_ros_project/catkin_ws/build/CMakeFiles/CMakeTmp/CheckSymbolExists.c
Linking C executable cmTC_32027
/usr/bin/cmake -E cmake_link_script CMakeFiles/cmTC_32027.dir/link.txt --verbose=1
/usr/bin/cc       CMakeFiles/cmTC_32027.dir/CheckSymbolExists.c.o  -o cmTC_32027 -rdynamic 
CMakeFiles/cmTC_32027.dir/CheckSymbolExists.c.o: In function `main':
CheckSymbolExists.c:(.text+0x16): undefined reference to `pthread_create'
collect2: error: ld returned 1 exit status
CMakeFiles/cmTC_32027.dir/build.make:97: recipe for target 'cmTC_32027' failed
make[1]: *** [cmTC_32027] Error 1
make[1]: Leaving directory '/home/derektan/Desktop/robotics_software_engineer_udacity_projects/projects/go_chase_it_ros_project/catkin_ws/build/CMakeFiles/CMakeTmp'
Makefile:126: recipe for target 'cmTC_32027/fast' failed
make: *** [cmTC_32027/fast] Error 2

File /home/derektan/Desktop/robotics_software_engineer_udacity_projects/projects/go_chase_it_ros_project/catkin_ws/build/CMakeFiles/CMakeTmp/CheckSymbolExists.c:
/* */
#include <pthread.h>

int main(int argc, char** argv)
{
  (void)argv;
#ifndef pthread_create
  return ((int*)(&pthread_create))[argc];
#else
  (void)argc;
  return 0;
#endif
}

Determining if the function pthread_create exists in the pthreads failed with the following output:
Change Dir: /home/derektan/Desktop/robotics_software_engineer_udacity_projects/projects/go_chase_it_ros_project/catkin_ws/build/CMakeFiles/CMakeTmp

Run Build Command:"/usr/bin/make" "cmTC_bb223/fast"
/usr/bin/make -f CMakeFiles/cmTC_bb223.dir/build.make CMakeFiles/cmTC_bb223.dir/build
make[1]: Entering directory '/home/derektan/Desktop/robotics_software_engineer_udacity_projects/projects/go_chase_it_ros_project/catkin_ws/build/CMakeFiles/CMakeTmp'
Building C object CMakeFiles/cmTC_bb223.dir/CheckFunctionExists.c.o
/usr/bin/cc    -DCHECK_FUNCTION_EXISTS=pthread_create   -o CMakeFiles/cmTC_bb223.dir/CheckFunctionExists.c.o   -c /usr/share/cmake-3.5/Modules/CheckFunctionExists.c
Linking C executable cmTC_bb223
/usr/bin/cmake -E cmake_link_script CMakeFiles/cmTC_bb223.dir/link.txt --verbose=1
/usr/bin/cc   -DCHECK_FUNCTION_EXISTS=pthread_create    CMakeFiles/cmTC_bb223.dir/CheckFunctionExists.c.o  -o cmTC_bb223 -rdynamic -lpthreads 
/usr/bin/ld: cannot find -lpthreads
collect2: error: ld returned 1 exit status
CMakeFiles/cmTC_bb223.dir/build.make:97: recipe for target 'cmTC_bb223' failed
make[1]: *** [cmTC_bb223] Error 1
make[1]: Leaving directory '/home/derektan/Desktop/robotics_software_engineer_udacity_projects/projects/go_chase_it_ros_project/catkin_ws/build/CMakeFiles/CMakeTmp'
Makefile:126: recipe for target 'cmTC_bb223/fast' failed
make: *** [cmTC_bb223/fast] Error 2


